<?xml version="1.0" encoding="UTF-8"?>
<testng-results skipped="0" failed="1" total="2" passed="1">
  <reporter-output>
  </reporter-output>
  <suite name="Default suite" duration-ms="36717" started-at="2017-01-31T11:15:17Z" finished-at="2017-01-31T11:15:53Z">
    <groups>
    </groups>
    <test name="Default test" duration-ms="36717" started-at="2017-01-31T11:15:17Z" finished-at="2017-01-31T11:15:53Z">
      <class name="com.pack.HeadLess.TC01_Demo_HeadLessTestingUsingHtmlUnitDriver">
        <test-method status="PASS" signature="setup()[pri:0, instance:com.pack.HeadLess.TC01_Demo_HeadLessTestingUsingHtmlUnitDriver@6e06451e]" name="setup" is-config="true" duration-ms="2778" started-at="2017-01-31T16:45:17Z" finished-at="2017-01-31T16:45:20Z">
          <reporter-output>
          </reporter-output>
        </test-method> <!-- setup -->
        <test-method status="PASS" signature="verifyFaceBookTitle()[pri:0, instance:com.pack.HeadLess.TC01_Demo_HeadLessTestingUsingHtmlUnitDriver@6e06451e]" name="verifyFaceBookTitle" duration-ms="32499" started-at="2017-01-31T16:45:20Z" finished-at="2017-01-31T16:45:52Z">
          <reporter-output>
          </reporter-output>
        </test-method> <!-- verifyFaceBookTitle -->
        <test-method status="PASS" signature="tearDown(org.testng.ITestResult)[pri:0, instance:com.pack.HeadLess.TC01_Demo_HeadLessTestingUsingHtmlUnitDriver@6e06451e]" name="tearDown" is-config="true" duration-ms="0" started-at="2017-01-31T16:45:52Z" finished-at="2017-01-31T16:45:52Z">
          <params>
            <param index="0">
              <value>
                <![CDATA[[TestResult name=verifyFaceBookTitle status=SUCCESS method=TC01_Demo_HeadLessTestingUsingHtmlUnitDriver.verifyFaceBookTitle()[pri:0, instance:com.pack.HeadLess.TC01_Demo_HeadLessTestingUsingHtmlUnitDriver@6e06451e] output={null}]]]>
              </value>
            </param>
          </params>
          <reporter-output>
          </reporter-output>
        </test-method> <!-- tearDown -->
        <test-method status="FAIL" signature="verifyFaceBookTitleNew()[pri:0, instance:com.pack.HeadLess.TC01_Demo_HeadLessTestingUsingHtmlUnitDriver@6e06451e]" name="verifyFaceBookTitleNew" duration-ms="1409" started-at="2017-01-31T16:45:52Z" finished-at="2017-01-31T16:45:53Z">
          <exception class="java.lang.AssertionError">
            <message>
              <![CDATA[expected [true] but found [false]]]>
            </message>
            <full-stacktrace>
              <![CDATA[java.lang.AssertionError: expected [true] but found [false]
	at org.testng.Assert.fail(Assert.java:94)
	at org.testng.Assert.failNotEquals(Assert.java:494)
	at org.testng.Assert.assertTrue(Assert.java:42)
	at org.testng.Assert.assertTrue(Assert.java:52)
	at com.pack.HeadLess.TC01_Demo_HeadLessTestingUsingHtmlUnitDriver.verifyFaceBookTitleNew(TC01_Demo_HeadLessTestingUsingHtmlUnitDriver.java:74)
	at sun.reflect.NativeMethodAccessorImpl.invoke0(Native Method)
	at sun.reflect.NativeMethodAccessorImpl.invoke(NativeMethodAccessorImpl.java:62)
	at sun.reflect.DelegatingMethodAccessorImpl.invoke(DelegatingMethodAccessorImpl.java:43)
	at java.lang.reflect.Method.invoke(Method.java:498)
	at org.testng.internal.MethodInvocationHelper.invokeMethod(MethodInvocationHelper.java:84)
	at org.testng.internal.Invoker.invokeMethod(Invoker.java:714)
	at org.testng.internal.Invoker.invokeTestMethod(Invoker.java:901)
	at org.testng.internal.Invoker.invokeTestMethods(Invoker.java:1231)
	at org.testng.internal.TestMethodWorker.invokeTestMethods(TestMethodWorker.java:127)
	at org.testng.internal.TestMethodWorker.run(TestMethodWorker.java:111)
	at org.testng.TestRunner.privateRun(TestRunner.java:767)
	at org.testng.TestRunner.run(TestRunner.java:617)
	at org.testng.SuiteRunner.runTest(SuiteRunner.java:334)
	at org.testng.SuiteRunner.runSequentially(SuiteRunner.java:329)
	at org.testng.SuiteRunner.privateRun(SuiteRunner.java:291)
	at org.testng.SuiteRunner.run(SuiteRunner.java:240)
	at org.testng.SuiteRunnerWorker.runSuite(SuiteRunnerWorker.java:52)
	at org.testng.SuiteRunnerWorker.run(SuiteRunnerWorker.java:86)
	at org.testng.TestNG.runSuitesSequentially(TestNG.java:1224)
	at org.testng.TestNG.runSuitesLocally(TestNG.java:1149)
	at org.testng.TestNG.run(TestNG.java:1057)
	at org.testng.remote.AbstractRemoteTestNG.run(AbstractRemoteTestNG.java:132)
	at org.testng.remote.RemoteTestNG.initAndRun(RemoteTestNG.java:236)
	at org.testng.remote.RemoteTestNG.main(RemoteTestNG.java:81)
]]>
            </full-stacktrace>
          </exception> <!-- java.lang.AssertionError -->
          <reporter-output>
          </reporter-output>
        </test-method> <!-- verifyFaceBookTitleNew -->
        <test-method status="PASS" signature="tearDown(org.testng.ITestResult)[pri:0, instance:com.pack.HeadLess.TC01_Demo_HeadLessTestingUsingHtmlUnitDriver@6e06451e]" name="tearDown" is-config="true" duration-ms="0" started-at="2017-01-31T16:45:53Z" finished-at="2017-01-31T16:45:53Z">
          <params>
            <param index="0">
              <value>
                <![CDATA[[TestResult name=verifyFaceBookTitleNew status=FAILURE method=TC01_Demo_HeadLessTestingUsingHtmlUnitDriver.verifyFaceBookTitleNew()[pri:0, instance:com.pack.HeadLess.TC01_Demo_HeadLessTestingUsingHtmlUnitDriver@6e06451e] output={null}]]]>
              </value>
            </param>
          </params>
          <reporter-output>
          </reporter-output>
        </test-method> <!-- tearDown -->
      </class> <!-- com.pack.HeadLess.TC01_Demo_HeadLessTestingUsingHtmlUnitDriver -->
    </test> <!-- Default test -->
  </suite> <!-- Default suite -->
</testng-results>
